Using pre-set license
Built from '2020.2/release' branch; Version is '2020.2.1f1 (270dd8c3da1c) revision 2559448'; Using compiler version '192528614'; Build Type 'Release'
OS: 'Windows 10  (10.0.0) 64bit' Language: 'en' Physical Memory: 16337 MB
BatchMode: 1, IsHumanControllingUs: 0, StartBugReporterOnCrash: 0, Is64bit: 1, IsPro: 0

 COMMAND LINE ARGUMENTS:
D:\Program Files\Unity\2020.2.1f1\Editor\Unity.exe
-adb2
-batchMode
-noUpm
-name
AssetImportWorker0
-projectPath
D:/PROJEKTI/GitHub/CrazyLabs_HCGame_GamerGang
-logFile
Logs/AssetImportWorker0.log
-srvPort
58638
Successfully changed project path to: D:/PROJEKTI/GitHub/CrazyLabs_HCGame_GamerGang
D:/PROJEKTI/GitHub/CrazyLabs_HCGame_GamerGang
Using Asset Import Pipeline V2.
Refreshing native plugins compatible for Editor in 54.63 ms, found 0 plugins.
Preloading 0 native plugins for Editor in 0.00 ms.
Initialize engine version: 2020.2.1f1 (270dd8c3da1c)
[Subsystems] Discovering subsystems at path D:/Program Files/Unity/2020.2.1f1/Editor/Data/Resources/UnitySubsystems
[Subsystems] Discovering subsystems at path D:/PROJEKTI/GitHub/CrazyLabs_HCGame_GamerGang/Assets
GfxDevice: creating device client; threaded=0
Direct3D:
    Version:  Direct3D 11.0 [level 11.1]
    Renderer: Radeon RX 570 Series (ID=0x67df)
    Vendor:   
    VRAM:     4075 MB
    Driver:   27.20.14535.3005
Shader 'Universal Render Pipeline/Particles/Lit': fallback shader 'Universal Render Pipeline/Particles/SimpleLit' not found
Initialize mono
Mono path[0] = 'D:/Program Files/Unity/2020.2.1f1/Editor/Data/Managed'
Mono path[1] = 'D:/Program Files/Unity/2020.2.1f1/Editor/Data/MonoBleedingEdge/lib/mono/unityjit'
Mono config path = 'D:/Program Files/Unity/2020.2.1f1/Editor/Data/MonoBleedingEdge/etc'
Using monoOptions --debugger-agent=transport=dt_socket,embedding=1,server=y,suspend=n,address=127.0.0.1:56180
Begin MonoManager ReloadAssembly
Registering precompiled unity dll's ...
Register platform support module: D:/Program Files/Unity/2020.2.1f1/Editor/Data/PlaybackEngines/WindowsStandaloneSupport/UnityEditor.WindowsStandalone.Extensions.dll
Registered in 0.001304 seconds.
Native extension for WindowsStandalone target not found
Refreshing native plugins compatible for Editor in 51.98 ms, found 0 plugins.
Preloading 0 native plugins for Editor in 0.00 ms.
Invoked RoslynAnalysisRunner static constructor.
RoslynAnalysisRunner will not be running.
RoslynAnalysisRunner has terminated.
Mono: successfully reloaded assembly
- Completed reload, in  2.359 seconds
Platform modules already initialized, skipping
Registering precompiled user dll's ...
Registered in 0.001212 seconds.
Begin MonoManager ReloadAssembly
Native extension for WindowsStandalone target not found
Refreshing native plugins compatible for Editor in 53.37 ms, found 0 plugins.
Preloading 0 native plugins for Editor in 0.00 ms.
Invoked RoslynAnalysisRunner static constructor.
RoslynAnalysisRunner will not be running.
RoslynAnalysisRunner has terminated.
Mono: successfully reloaded assembly
- Completed reload, in  1.116 seconds
Platform modules already initialized, skipping
========================================================================
Worker process is ready to serve import requests
Shader 'Universal Render Pipeline/Particles/Lit': fallback shader 'Universal Render Pipeline/Particles/SimpleLit' not found
Launched and connected shader compiler UnityShaderCompiler.exe after 0.05 seconds
Refreshing native plugins compatible for Editor in 0.66 ms, found 0 plugins.
Preloading 0 native plugins for Editor in 0.00 ms.
Unloading 2439 Unused Serialized files (Serialized files now loaded: 0)
System memory in use before: 109.0 MB.
System memory in use after: 109.2 MB.

Unloading 23 unused Assets to reduce memory usage. Loaded Objects now: 2866.
Total: 2.623300 ms (FindLiveObjects: 0.382300 ms CreateObjectMapping: 0.089800 ms MarkObjects: 2.086300 ms  DeleteObjects: 0.063200 ms)

========================================================================
Received Import Request.
  path: Assets
  artifactKey: Guid(00000000000000001000000000000000) Importer(815301076,1909f56bfc062723c751e8b465ee728b)
Start importing Assets using Guid(00000000000000001000000000000000) Importer(815301076,1909f56bfc062723c751e8b465ee728b)  -> (artifact id: 'e1a2c4dac9df7c17871e19a3b74f0e9f') in 0.011134 seconds
  Import took 0.015501 seconds .

========================================================================
Received Import Request.
  Time since last request: 2.212178 seconds.
  path: Assets/UniversalRenderPipelineAsset.asset
  artifactKey: Guid(464510370a89ac94fb60769dfc103d1d) Importer(815301076,1909f56bfc062723c751e8b465ee728b)
Start importing Assets/UniversalRenderPipelineAsset.asset using Guid(464510370a89ac94fb60769dfc103d1d) Importer(815301076,1909f56bfc062723c751e8b465ee728b)  -> (artifact id: '0ea605528a68667d79bdf3917e818b95') in 0.061009 seconds
  Import took 0.065888 seconds .

========================================================================
Received Import Request.
  Time since last request: 0.000235 seconds.
  path: Assets/UniversalRenderPipelineAsset_Renderer.asset
  artifactKey: Guid(8c0660c14a80f2d4c8494aef4fc11b1c) Importer(815301076,1909f56bfc062723c751e8b465ee728b)
Start importing Assets/UniversalRenderPipelineAsset_Renderer.asset using Guid(8c0660c14a80f2d4c8494aef4fc11b1c) Importer(815301076,1909f56bfc062723c751e8b465ee728b)  -> (artifact id: '20259a1dddd0ad55add9a200dbb1928e') in 0.021482 seconds
  Import took 0.025973 seconds .

========================================================================
Received Import Request.
  Time since last request: 62.980988 seconds.
  path: Assets/CustomPostProcessData.asset
  artifactKey: Guid(9ad75ec83df62c24b9a702edf16fd458) Importer(815301076,1909f56bfc062723c751e8b465ee728b)
Start importing Assets/CustomPostProcessData.asset using Guid(9ad75ec83df62c24b9a702edf16fd458) Importer(815301076,1909f56bfc062723c751e8b465ee728b)  -> (artifact id: '3dbb55ec090661f3460fd07c6c325062') in 0.007791 seconds
  Import took 0.012184 seconds .

========================================================================
Received Import Request.
  Time since last request: 0.000602 seconds.
  path: Assets/CustomPostProcessData.asset
  artifactKey: Guid(9ad75ec83df62c24b9a702edf16fd458) Importer(815301076,1909f56bfc062723c751e8b465ee728b)
Start importing Assets/CustomPostProcessData.asset using Guid(9ad75ec83df62c24b9a702edf16fd458) Importer(815301076,1909f56bfc062723c751e8b465ee728b)  -> (artifact id: '3dbb55ec090661f3460fd07c6c325062') in 0.002981 seconds
  Import took 0.007272 seconds .

========================================================================
Received Prepare
Shader 'Universal Render Pipeline/Particles/Lit': fallback shader 'Universal Render Pipeline/Particles/SimpleLit' not found
Refreshing native plugins compatible for Editor in 3.90 ms, found 0 plugins.
Preloading 0 native plugins for Editor in 0.00 ms.
Unloading 16 Unused Serialized files (Serialized files now loaded: 0)
System memory in use before: 58.4 MB.
System memory in use after: 58.6 MB.

Unloading 16 unused Assets to reduce memory usage. Loaded Objects now: 2866.
Total: 2.850500 ms (FindLiveObjects: 0.320200 ms CreateObjectMapping: 0.075700 ms MarkObjects: 2.431500 ms  DeleteObjects: 0.022000 ms)

========================================================================
Received Import Request.
  Time since last request: 208.440406 seconds.
  path: Assets/New Lighting Settings.lighting
  artifactKey: Guid(b3f27b4245d4deb429f67283395e3b84) Importer(815301076,1909f56bfc062723c751e8b465ee728b)
Start importing Assets/New Lighting Settings.lighting using Guid(b3f27b4245d4deb429f67283395e3b84) Importer(815301076,1909f56bfc062723c751e8b465ee728b)  -> (artifact id: '7e6a8e983d89ab7780c5251d4766d2e3') in 0.009492 seconds
  Import took 0.013864 seconds .

AssetImportWorkerClient::OnTransportError - code=2 error=End of file
