Using pre-set license
Built from '2020.2/release' branch; Version is '2020.2.1f1 (270dd8c3da1c) revision 2559448'; Using compiler version '192528614'; Build Type 'Release'
OS: 'Windows 10  (10.0.0) 64bit' Language: 'en' Physical Memory: 16337 MB
BatchMode: 1, IsHumanControllingUs: 0, StartBugReporterOnCrash: 0, Is64bit: 1, IsPro: 0

 COMMAND LINE ARGUMENTS:
D:\Program Files\Unity\2020.2.1f1\Editor\Unity.exe
-adb2
-batchMode
-noUpm
-name
AssetImportWorker0
-projectPath
D:/PROJEKTI/GitHub/CrazyLabs_HCGame_GamerGang
-logFile
Logs/AssetImportWorker0.log
-srvPort
52771
Successfully changed project path to: D:/PROJEKTI/GitHub/CrazyLabs_HCGame_GamerGang
D:/PROJEKTI/GitHub/CrazyLabs_HCGame_GamerGang
Using Asset Import Pipeline V2.
Refreshing native plugins compatible for Editor in 64.27 ms, found 0 plugins.
Preloading 0 native plugins for Editor in 0.00 ms.
Initialize engine version: 2020.2.1f1 (270dd8c3da1c)
[Subsystems] Discovering subsystems at path D:/Program Files/Unity/2020.2.1f1/Editor/Data/Resources/UnitySubsystems
[Subsystems] Discovering subsystems at path D:/PROJEKTI/GitHub/CrazyLabs_HCGame_GamerGang/Assets
GfxDevice: creating device client; threaded=0
Direct3D:
    Version:  Direct3D 11.0 [level 11.1]
    Renderer: Radeon RX 570 Series (ID=0x67df)
    Vendor:   
    VRAM:     4075 MB
    Driver:   27.20.14535.3005
Shader 'Universal Render Pipeline/Particles/Lit': fallback shader 'Universal Render Pipeline/Particles/SimpleLit' not found
Initialize mono
Mono path[0] = 'D:/Program Files/Unity/2020.2.1f1/Editor/Data/Managed'
Mono path[1] = 'D:/Program Files/Unity/2020.2.1f1/Editor/Data/MonoBleedingEdge/lib/mono/unityjit'
Mono config path = 'D:/Program Files/Unity/2020.2.1f1/Editor/Data/MonoBleedingEdge/etc'
Using monoOptions --debugger-agent=transport=dt_socket,embedding=1,server=y,suspend=n,address=127.0.0.1:56532
Begin MonoManager ReloadAssembly
Registering precompiled unity dll's ...
Register platform support module: D:/Program Files/Unity/2020.2.1f1/Editor/Data/PlaybackEngines/WindowsStandaloneSupport/UnityEditor.WindowsStandalone.Extensions.dll
Registered in 0.001253 seconds.
Native extension for WindowsStandalone target not found
Refreshing native plugins compatible for Editor in 52.45 ms, found 0 plugins.
Preloading 0 native plugins for Editor in 0.00 ms.
Invoked RoslynAnalysisRunner static constructor.
RoslynAnalysisRunner will not be running.
RoslynAnalysisRunner has terminated.
Mono: successfully reloaded assembly
- Completed reload, in  2.082 seconds
Platform modules already initialized, skipping
Registering precompiled user dll's ...
Registered in 0.001421 seconds.
Begin MonoManager ReloadAssembly
Native extension for WindowsStandalone target not found
Refreshing native plugins compatible for Editor in 59.46 ms, found 0 plugins.
Preloading 0 native plugins for Editor in 0.00 ms.
Invoked RoslynAnalysisRunner static constructor.
RoslynAnalysisRunner will not be running.
RoslynAnalysisRunner has terminated.
Mono: successfully reloaded assembly
- Completed reload, in  1.232 seconds
Platform modules already initialized, skipping
========================================================================
Worker process is ready to serve import requests
Shader 'Universal Render Pipeline/Particles/Lit': fallback shader 'Universal Render Pipeline/Particles/SimpleLit' not found
Launched and connected shader compiler UnityShaderCompiler.exe after 0.04 seconds
Refreshing native plugins compatible for Editor in 0.60 ms, found 0 plugins.
Preloading 0 native plugins for Editor in 0.00 ms.
Unloading 2487 Unused Serialized files (Serialized files now loaded: 0)
System memory in use before: 113.7 MB.
System memory in use after: 113.8 MB.

Unloading 23 unused Assets to reduce memory usage. Loaded Objects now: 2914.
Total: 2.581100 ms (FindLiveObjects: 0.384400 ms CreateObjectMapping: 0.074600 ms MarkObjects: 2.055600 ms  DeleteObjects: 0.065600 ms)

========================================================================
Received Import Request.
  path: Assets/UniversalRenderPipelineAsset.asset
  artifactKey: Guid(464510370a89ac94fb60769dfc103d1d) Importer(815301076,1909f56bfc062723c751e8b465ee728b)
Start importing Assets/UniversalRenderPipelineAsset.asset using Guid(464510370a89ac94fb60769dfc103d1d) Importer(815301076,1909f56bfc062723c751e8b465ee728b)  -> (artifact id: '82d868ba313048a53739efbad7ce760c') in 0.044341 seconds
  Import took 0.048714 seconds .

========================================================================
Received Import Request.
  Time since last request: 0.000325 seconds.
  path: Assets/UniversalRenderPipelineAsset_Renderer.asset
  artifactKey: Guid(8c0660c14a80f2d4c8494aef4fc11b1c) Importer(815301076,1909f56bfc062723c751e8b465ee728b)
Start importing Assets/UniversalRenderPipelineAsset_Renderer.asset using Guid(8c0660c14a80f2d4c8494aef4fc11b1c) Importer(815301076,1909f56bfc062723c751e8b465ee728b)  -> (artifact id: 'afe59c4300d8fc6b28d47bcddd63d976') in 0.008708 seconds
  Import took 0.012741 seconds .

========================================================================
Received Import Request.
  Time since last request: 0.000209 seconds.
  path: Assets/CustomPostProcessData.asset
  artifactKey: Guid(9ad75ec83df62c24b9a702edf16fd458) Importer(815301076,1909f56bfc062723c751e8b465ee728b)
Start importing Assets/CustomPostProcessData.asset using Guid(9ad75ec83df62c24b9a702edf16fd458) Importer(815301076,1909f56bfc062723c751e8b465ee728b)  -> (artifact id: '23d05404a6b6df156c6f3f772b377091') in 0.008401 seconds
  Import took 0.012822 seconds .

========================================================================
Received Import Request.
  Time since last request: 20.385888 seconds.
  path: Assets/Editor
  artifactKey: Guid(9a2df797eb7ea8e44843144af9429b99) Importer(815301076,1909f56bfc062723c751e8b465ee728b)
Start importing Assets/Editor using Guid(9a2df797eb7ea8e44843144af9429b99) Importer(815301076,1909f56bfc062723c751e8b465ee728b)  -> (artifact id: 'b1fbd3de79c2098450e37516b9ed230d') in 0.007784 seconds
  Import took 0.012388 seconds .

========================================================================
Received Import Request.
  Time since last request: 0.954218 seconds.
  path: Assets/Editor/com.unity.mobile.notifications
  artifactKey: Guid(6d8e2e3178665be488e481c57be9527e) Importer(815301076,1909f56bfc062723c751e8b465ee728b)
Start importing Assets/Editor/com.unity.mobile.notifications using Guid(6d8e2e3178665be488e481c57be9527e) Importer(815301076,1909f56bfc062723c751e8b465ee728b)  -> (artifact id: '58f30a322b784f3ae215a08dd2705a12') in 0.007289 seconds
  Import took 0.011594 seconds .

========================================================================
Received Import Request.
  Time since last request: 0.089765 seconds.
  path: Assets/Editor/com.unity.mobile.notifications/NotificationSettings.asset
  artifactKey: Guid(45a04f37e0f48c744acc0874c4a8918a) Importer(815301076,1909f56bfc062723c751e8b465ee728b)
Start importing Assets/Editor/com.unity.mobile.notifications/NotificationSettings.asset using Guid(45a04f37e0f48c744acc0874c4a8918a) Importer(815301076,1909f56bfc062723c751e8b465ee728b)  -> (artifact id: 'bd7c193375ebe48888e6734ed60ce996') in 0.010153 seconds
  Import took 0.014454 seconds .

========================================================================
Received Import Request.
  Time since last request: 2.206706 seconds.
  path: Assets/Scenes
  artifactKey: Guid(f7b66c42ee145314083f073e99178630) Importer(815301076,1909f56bfc062723c751e8b465ee728b)
Start importing Assets/Scenes using Guid(f7b66c42ee145314083f073e99178630) Importer(815301076,1909f56bfc062723c751e8b465ee728b)  -> (artifact id: 'd0c2d54b81bd2666c031a260235ebad3') in 0.007937 seconds
  Import took 0.012272 seconds .

========================================================================
Received Import Request.
  Time since last request: 17.097955 seconds.
  path: Assets/ProjSetup
  artifactKey: Guid(f5bdec75ab537754aa4f1e0c417315e8) Importer(815301076,1909f56bfc062723c751e8b465ee728b)
Start importing Assets/ProjSetup using Guid(f5bdec75ab537754aa4f1e0c417315e8) Importer(815301076,1909f56bfc062723c751e8b465ee728b)  -> (artifact id: '2a2623bbb3c3524b5f7af3943d59c6b7') in 0.008270 seconds
  Import took 0.012721 seconds .

========================================================================
Received Import Request.
  Time since last request: 102.134800 seconds.
  path: Assets/ScriptableObjects
  artifactKey: Guid(f1b1e9495dd7cf14aa77b1bfa62d0b2f) Importer(815301076,1909f56bfc062723c751e8b465ee728b)
Start importing Assets/ScriptableObjects using Guid(f1b1e9495dd7cf14aa77b1bfa62d0b2f) Importer(815301076,1909f56bfc062723c751e8b465ee728b)  -> (artifact id: 'ae93eedfd704c0e2aab8bddda5afe7d2') in 0.007908 seconds
  Import took 0.012219 seconds .

========================================================================
Received Import Request.
  Time since last request: 99.191320 seconds.
  path: Assets/ScriptableObjectsScript
  artifactKey: Guid(f1b1e9495dd7cf14aa77b1bfa62d0b2f) Importer(815301076,1909f56bfc062723c751e8b465ee728b)
Start importing Assets/ScriptableObjectsScript using Guid(f1b1e9495dd7cf14aa77b1bfa62d0b2f) Importer(815301076,1909f56bfc062723c751e8b465ee728b)  -> (artifact id: '01eb10376185f2400a096c42fd6d2962') in 0.007514 seconds
  Import took 0.011897 seconds .

========================================================================
Received Import Request.
  Time since last request: 12.850873 seconds.
  path: Assets/ScriptableObjectsScript/Player.cs
  artifactKey: Guid(7805546f453ca1644818b263e166692b) Importer(815301076,1909f56bfc062723c751e8b465ee728b)
Start importing Assets/ScriptableObjectsScript/Player.cs using Guid(7805546f453ca1644818b263e166692b) Importer(815301076,1909f56bfc062723c751e8b465ee728b)  -> (artifact id: 'd40f636151d4a996da70cfe8d5a9a723') in 0.013387 seconds
  Import took 0.017772 seconds .

========================================================================
Received Prepare
Registering precompiled user dll's ...
Registered in 0.001280 seconds.
Begin MonoManager ReloadAssembly
Native extension for WindowsStandalone target not found
Refreshing native plugins compatible for Editor in 0.62 ms, found 0 plugins.
Preloading 0 native plugins for Editor in 0.00 ms.
Invoked RoslynAnalysisRunner static constructor.
RoslynAnalysisRunner will not be running.
RoslynAnalysisRunner has terminated.
Mono: successfully reloaded assembly
- Completed reload, in  0.984 seconds
Platform modules already initialized, skipping
Shader 'Universal Render Pipeline/Particles/Lit': fallback shader 'Universal Render Pipeline/Particles/SimpleLit' not found
Refreshing native plugins compatible for Editor in 0.62 ms, found 0 plugins.
Preloading 0 native plugins for Editor in 0.00 ms.
Unloading 2382 Unused Serialized files (Serialized files now loaded: 0)
System memory in use before: 108.4 MB.
System memory in use after: 108.6 MB.

Unloading 18 unused Assets to reduce memory usage. Loaded Objects now: 2920.
Total: 2.721700 ms (FindLiveObjects: 0.312000 ms CreateObjectMapping: 0.081200 ms MarkObjects: 2.302500 ms  DeleteObjects: 0.024800 ms)

========================================================================
Received Prepare
Registering precompiled user dll's ...
Registered in 0.001341 seconds.
Begin MonoManager ReloadAssembly
Native extension for WindowsStandalone target not found
Refreshing native plugins compatible for Editor in 0.62 ms, found 0 plugins.
Preloading 0 native plugins for Editor in 0.00 ms.
Invoked RoslynAnalysisRunner static constructor.
RoslynAnalysisRunner will not be running.
RoslynAnalysisRunner has terminated.
Mono: successfully reloaded assembly
- Completed reload, in  1.013 seconds
Platform modules already initialized, skipping
Shader 'Universal Render Pipeline/Particles/Lit': fallback shader 'Universal Render Pipeline/Particles/SimpleLit' not found
Refreshing native plugins compatible for Editor in 0.62 ms, found 0 plugins.
Preloading 0 native plugins for Editor in 0.00 ms.
Unloading 2378 Unused Serialized files (Serialized files now loaded: 0)
System memory in use before: 108.9 MB.
System memory in use after: 109.1 MB.

Unloading 19 unused Assets to reduce memory usage. Loaded Objects now: 2921.
Total: 2.826500 ms (FindLiveObjects: 0.426700 ms CreateObjectMapping: 0.098900 ms MarkObjects: 2.270100 ms  DeleteObjects: 0.029800 ms)

========================================================================
Received Import Request.
  Time since last request: 51.003515 seconds.
  path: Assets/ScriptableObjectsScript/PlayerScriptableObject.cs
  artifactKey: Guid(ce90b63b218e76c46b90432b2a7e3cb4) Importer(815301076,1909f56bfc062723c751e8b465ee728b)
Start importing Assets/ScriptableObjectsScript/PlayerScriptableObject.cs using Guid(ce90b63b218e76c46b90432b2a7e3cb4) Importer(815301076,1909f56bfc062723c751e8b465ee728b)  -> (artifact id: '0e81f8b76710a8c0062d9182d123a42b') in 0.011257 seconds
  Import took 0.015925 seconds .

========================================================================
Received Prepare
Registering precompiled user dll's ...
Registered in 0.001340 seconds.
Begin MonoManager ReloadAssembly
Native extension for WindowsStandalone target not found
Refreshing native plugins compatible for Editor in 0.65 ms, found 0 plugins.
Preloading 0 native plugins for Editor in 0.00 ms.
Invoked RoslynAnalysisRunner static constructor.
RoslynAnalysisRunner will not be running.
RoslynAnalysisRunner has terminated.
Mono: successfully reloaded assembly
- Completed reload, in  1.069 seconds
Platform modules already initialized, skipping
Shader 'Universal Render Pipeline/Particles/Lit': fallback shader 'Universal Render Pipeline/Particles/SimpleLit' not found
Refreshing native plugins compatible for Editor in 0.62 ms, found 0 plugins.
Preloading 0 native plugins for Editor in 0.00 ms.
Unloading 2379 Unused Serialized files (Serialized files now loaded: 0)
System memory in use before: 109.4 MB.
System memory in use after: 109.6 MB.

Unloading 18 unused Assets to reduce memory usage. Loaded Objects now: 2924.
Total: 2.843600 ms (FindLiveObjects: 0.317400 ms CreateObjectMapping: 0.076400 ms MarkObjects: 2.416000 ms  DeleteObjects: 0.032300 ms)

========================================================================
Received Import Request.
  Time since last request: 122.377353 seconds.
  path: Assets/ScriptableObjectsScript/PlayerScriptableObject.cs
  artifactKey: Guid(ce90b63b218e76c46b90432b2a7e3cb4) Importer(815301076,1909f56bfc062723c751e8b465ee728b)
Start importing Assets/ScriptableObjectsScript/PlayerScriptableObject.cs using Guid(ce90b63b218e76c46b90432b2a7e3cb4) Importer(815301076,1909f56bfc062723c751e8b465ee728b)  -> (artifact id: '26d2cc9a1b2700f89bde724b6456d2fb') in 0.006940 seconds
  Import took 0.011749 seconds .

========================================================================
Received Import Request.
  Time since last request: 9.509040 seconds.
  path: Assets/ScriptableObjectsScript/PlayerScriptableObject.cs
  artifactKey: Guid(ce90b63b218e76c46b90432b2a7e3cb4) Importer(815301076,1909f56bfc062723c751e8b465ee728b)
Start importing Assets/ScriptableObjectsScript/PlayerScriptableObject.cs using Guid(ce90b63b218e76c46b90432b2a7e3cb4) Importer(815301076,1909f56bfc062723c751e8b465ee728b)  -> (artifact id: 'c239dfc79df105b8db1466887231ac01') in 0.002812 seconds
  Import took 0.007329 seconds .

========================================================================
Received Prepare
Registering precompiled user dll's ...
Registered in 0.001278 seconds.
Begin MonoManager ReloadAssembly
Native extension for WindowsStandalone target not found
Refreshing native plugins compatible for Editor in 0.63 ms, found 0 plugins.
Preloading 0 native plugins for Editor in 0.00 ms.
Invoked RoslynAnalysisRunner static constructor.
RoslynAnalysisRunner will not be running.
RoslynAnalysisRunner has terminated.
Mono: successfully reloaded assembly
- Completed reload, in  1.020 seconds
Platform modules already initialized, skipping
Shader 'Universal Render Pipeline/Particles/Lit': fallback shader 'Universal Render Pipeline/Particles/SimpleLit' not found
Refreshing native plugins compatible for Editor in 0.59 ms, found 0 plugins.
Preloading 0 native plugins for Editor in 0.00 ms.
Unloading 2379 Unused Serialized files (Serialized files now loaded: 0)
System memory in use before: 108.9 MB.
System memory in use after: 109.2 MB.

Unloading 18 unused Assets to reduce memory usage. Loaded Objects now: 2926.
Total: 2.637400 ms (FindLiveObjects: 0.341500 ms CreateObjectMapping: 0.072600 ms MarkObjects: 2.195300 ms  DeleteObjects: 0.027000 ms)

========================================================================
Received Import Request.
  Time since last request: 16.712776 seconds.
  path: Assets/ScriptableObject
  artifactKey: Guid(e11a10f89254c994da3afde04ac503ab) Importer(815301076,1909f56bfc062723c751e8b465ee728b)
Start importing Assets/ScriptableObject using Guid(e11a10f89254c994da3afde04ac503ab) Importer(815301076,1909f56bfc062723c751e8b465ee728b)  -> (artifact id: 'fc123441f350e888820e1507a8b2067a') in 0.011964 seconds
  Import took 0.016816 seconds .

========================================================================
Received Import Request.
  Time since last request: 6.493622 seconds.
  path: Assets/ScriptableObjects
  artifactKey: Guid(e11a10f89254c994da3afde04ac503ab) Importer(815301076,1909f56bfc062723c751e8b465ee728b)
Start importing Assets/ScriptableObjects using Guid(e11a10f89254c994da3afde04ac503ab) Importer(815301076,1909f56bfc062723c751e8b465ee728b)  -> (artifact id: '27a573b81f860683a3cb2694f3f8eea2') in 0.002742 seconds
  Import took 0.007275 seconds .

========================================================================
Received Import Request.
  Time since last request: 9.407221 seconds.
  path: Assets/ScriptableObjects/Player.asset
  artifactKey: Guid(13981ee155be294418fab7193befa5a8) Importer(815301076,1909f56bfc062723c751e8b465ee728b)
Start importing Assets/ScriptableObjects/Player.asset using Guid(13981ee155be294418fab7193befa5a8) Importer(815301076,1909f56bfc062723c751e8b465ee728b)  -> (artifact id: '27890f118950b72fb53d8a40ff9ca87a') in 0.012065 seconds
  Import took 0.017162 seconds .

========================================================================
Received Prepare
Registering precompiled user dll's ...
Registered in 0.001272 seconds.
Begin MonoManager ReloadAssembly
Native extension for WindowsStandalone target not found
Refreshing native plugins compatible for Editor in 0.63 ms, found 0 plugins.
Preloading 0 native plugins for Editor in 0.00 ms.
Invoked RoslynAnalysisRunner static constructor.
RoslynAnalysisRunner will not be running.
RoslynAnalysisRunner has terminated.
Mono: successfully reloaded assembly
- Completed reload, in  1.008 seconds
Platform modules already initialized, skipping
Shader 'Universal Render Pipeline/Particles/Lit': fallback shader 'Universal Render Pipeline/Particles/SimpleLit' not found
Refreshing native plugins compatible for Editor in 0.64 ms, found 0 plugins.
Preloading 0 native plugins for Editor in 0.00 ms.
Unloading 2379 Unused Serialized files (Serialized files now loaded: 0)
System memory in use before: 109.4 MB.
System memory in use after: 109.6 MB.

Unloading 18 unused Assets to reduce memory usage. Loaded Objects now: 2928.
Total: 2.736700 ms (FindLiveObjects: 0.319200 ms CreateObjectMapping: 0.075500 ms MarkObjects: 2.316600 ms  DeleteObjects: 0.024000 ms)

========================================================================
Received Prepare
Registering precompiled user dll's ...
Registered in 0.001470 seconds.
Begin MonoManager ReloadAssembly
Native extension for WindowsStandalone target not found
Refreshing native plugins compatible for Editor in 0.64 ms, found 0 plugins.
Preloading 0 native plugins for Editor in 0.00 ms.
Invoked RoslynAnalysisRunner static constructor.
RoslynAnalysisRunner will not be running.
RoslynAnalysisRunner has terminated.
Mono: successfully reloaded assembly
- Completed reload, in  0.989 seconds
Platform modules already initialized, skipping
Shader 'Universal Render Pipeline/Particles/Lit': fallback shader 'Universal Render Pipeline/Particles/SimpleLit' not found
Refreshing native plugins compatible for Editor in 0.62 ms, found 0 plugins.
Preloading 0 native plugins for Editor in 0.00 ms.
Unloading 2379 Unused Serialized files (Serialized files now loaded: 0)
System memory in use before: 109.0 MB.
System memory in use after: 109.2 MB.

Unloading 18 unused Assets to reduce memory usage. Loaded Objects now: 2930.
Total: 2.505700 ms (FindLiveObjects: 0.350700 ms CreateObjectMapping: 0.079800 ms MarkObjects: 2.047400 ms  DeleteObjects: 0.026700 ms)

========================================================================
Received Import Request.
  Time since last request: 157.834071 seconds.
  path: Assets/Scripts
  artifactKey: Guid(46c09c60bf780664a93062b4f5775cbf) Importer(815301076,1909f56bfc062723c751e8b465ee728b)
Start importing Assets/Scripts using Guid(46c09c60bf780664a93062b4f5775cbf) Importer(815301076,1909f56bfc062723c751e8b465ee728b)  -> (artifact id: 'ff6445c540b8a52fe37b6e4239b14c3a') in 0.011932 seconds
  Import took 0.016498 seconds .

========================================================================
Received Import Request.
  Time since last request: 59.554213 seconds.
  path: Assets/Scripts/Proba.cs
  artifactKey: Guid(3d9a7e658a6973a48b12a1869a8be883) Importer(815301076,1909f56bfc062723c751e8b465ee728b)
Start importing Assets/Scripts/Proba.cs using Guid(3d9a7e658a6973a48b12a1869a8be883) Importer(815301076,1909f56bfc062723c751e8b465ee728b)  -> (artifact id: '82027da82b0873c6d6343bc005e5b055') in 0.007902 seconds
  Import took 0.012382 seconds .

========================================================================
Received Prepare
Registering precompiled user dll's ...
Registered in 0.001448 seconds.
Begin MonoManager ReloadAssembly
Native extension for WindowsStandalone target not found
Refreshing native plugins compatible for Editor in 0.61 ms, found 0 plugins.
Preloading 0 native plugins for Editor in 0.00 ms.
Invoked RoslynAnalysisRunner static constructor.
RoslynAnalysisRunner will not be running.
RoslynAnalysisRunner has terminated.
Mono: successfully reloaded assembly
- Completed reload, in  1.010 seconds
Platform modules already initialized, skipping
Shader 'Universal Render Pipeline/Particles/Lit': fallback shader 'Universal Render Pipeline/Particles/SimpleLit' not found
Refreshing native plugins compatible for Editor in 0.64 ms, found 0 plugins.
Preloading 0 native plugins for Editor in 0.00 ms.
Unloading 2380 Unused Serialized files (Serialized files now loaded: 0)
System memory in use before: 109.5 MB.
System memory in use after: 109.7 MB.

Unloading 18 unused Assets to reduce memory usage. Loaded Objects now: 2933.
Total: 2.488100 ms (FindLiveObjects: 0.325400 ms CreateObjectMapping: 0.075800 ms MarkObjects: 2.062600 ms  DeleteObjects: 0.023200 ms)

========================================================================
Received Import Request.
  Time since last request: 24.080942 seconds.
  path: Assets/Scripts/Proba.cs
  artifactKey: Guid(3d9a7e658a6973a48b12a1869a8be883) Importer(815301076,1909f56bfc062723c751e8b465ee728b)
Start importing Assets/Scripts/Proba.cs using Guid(3d9a7e658a6973a48b12a1869a8be883) Importer(815301076,1909f56bfc062723c751e8b465ee728b)  -> (artifact id: '5bf145abea44580fda47b881bcc0942b') in 0.007372 seconds
  Import took 0.012231 seconds .

========================================================================
Received Prepare
Registering precompiled user dll's ...
Registered in 0.002115 seconds.
Begin MonoManager ReloadAssembly
Native extension for WindowsStandalone target not found
Refreshing native plugins compatible for Editor in 0.64 ms, found 0 plugins.
Preloading 0 native plugins for Editor in 0.00 ms.
Invoked RoslynAnalysisRunner static constructor.
RoslynAnalysisRunner will not be running.
RoslynAnalysisRunner has terminated.
Mono: successfully reloaded assembly
- Completed reload, in  1.089 seconds
Platform modules already initialized, skipping
Shader 'Universal Render Pipeline/Particles/Lit': fallback shader 'Universal Render Pipeline/Particles/SimpleLit' not found
Refreshing native plugins compatible for Editor in 0.67 ms, found 0 plugins.
Preloading 0 native plugins for Editor in 0.00 ms.
Unloading 2380 Unused Serialized files (Serialized files now loaded: 0)
System memory in use before: 109.0 MB.
System memory in use after: 109.2 MB.

Unloading 18 unused Assets to reduce memory usage. Loaded Objects now: 2935.
Total: 2.482900 ms (FindLiveObjects: 0.317800 ms CreateObjectMapping: 0.074000 ms MarkObjects: 2.069900 ms  DeleteObjects: 0.020400 ms)

========================================================================
Received Import Request.
  Time since last request: 129.690362 seconds.
  path: Assets/New Material.mat
  artifactKey: Guid(bb999583643f5b24584fb651f12c7edd) Importer(815301076,1909f56bfc062723c751e8b465ee728b)
Start importing Assets/New Material.mat using Guid(bb999583643f5b24584fb651f12c7edd) Importer(815301076,1909f56bfc062723c751e8b465ee728b)  -> (artifact id: '208e17616300970492b66c011068649e') in 0.268969 seconds
  Import took 0.274170 seconds .

========================================================================
Received Import Request.
  Time since last request: 42.902961 seconds.
  path: Assets/New Material.mat
  artifactKey: Guid(bb999583643f5b24584fb651f12c7edd) Importer(815301076,1909f56bfc062723c751e8b465ee728b)
Start importing Assets/New Material.mat using Guid(bb999583643f5b24584fb651f12c7edd) Importer(815301076,1909f56bfc062723c751e8b465ee728b)  -> (artifact id: '321488b1e56ca9ee48130f8dadadbf18') in 0.011845 seconds
  Import took 0.016763 seconds .

========================================================================
Received Import Request.
  Time since last request: 38.736098 seconds.
  path: Assets/Scripts/Movement.cs
  artifactKey: Guid(fadb47ffa5187ad47970138715d55aeb) Importer(815301076,1909f56bfc062723c751e8b465ee728b)
Start importing Assets/Scripts/Movement.cs using Guid(fadb47ffa5187ad47970138715d55aeb) Importer(815301076,1909f56bfc062723c751e8b465ee728b)  -> (artifact id: '9dd266b505347646da1c0fce578b4beb') in 0.008949 seconds
  Import took 0.014174 seconds .

========================================================================
Received Prepare
Registering precompiled user dll's ...
Registered in 0.001345 seconds.
Begin MonoManager ReloadAssembly
Native extension for WindowsStandalone target not found
Refreshing native plugins compatible for Editor in 0.71 ms, found 0 plugins.
Preloading 0 native plugins for Editor in 0.00 ms.
Invoked RoslynAnalysisRunner static constructor.
RoslynAnalysisRunner will not be running.
RoslynAnalysisRunner has terminated.
Mono: successfully reloaded assembly
- Completed reload, in  1.169 seconds
Platform modules already initialized, skipping
Shader 'Universal Render Pipeline/Particles/Lit': fallback shader 'Universal Render Pipeline/Particles/SimpleLit' not found
Refreshing native plugins compatible for Editor in 0.62 ms, found 0 plugins.
Preloading 0 native plugins for Editor in 0.00 ms.
Unloading 2381 Unused Serialized files (Serialized files now loaded: 0)
System memory in use before: 114.9 MB.
System memory in use after: 115.1 MB.

Unloading 18 unused Assets to reduce memory usage. Loaded Objects now: 3016.
Total: 2.651600 ms (FindLiveObjects: 0.356200 ms CreateObjectMapping: 0.076800 ms MarkObjects: 2.192700 ms  DeleteObjects: 0.024600 ms)

========================================================================
Received Import Request.
  Time since last request: 122.724059 seconds.
  path: Assets/Scripts/Movement.cs
  artifactKey: Guid(fadb47ffa5187ad47970138715d55aeb) Importer(815301076,1909f56bfc062723c751e8b465ee728b)
Start importing Assets/Scripts/Movement.cs using Guid(fadb47ffa5187ad47970138715d55aeb) Importer(815301076,1909f56bfc062723c751e8b465ee728b)  -> (artifact id: 'a1d274930fb0539c685f4a123ee2398d') in 0.007065 seconds
  Import took 0.012473 seconds .

========================================================================
Received Prepare
Registering precompiled user dll's ...
Registered in 0.001346 seconds.
Begin MonoManager ReloadAssembly
Native extension for WindowsStandalone target not found
Refreshing native plugins compatible for Editor in 0.64 ms, found 0 plugins.
Preloading 0 native plugins for Editor in 0.00 ms.
Invoked RoslynAnalysisRunner static constructor.
RoslynAnalysisRunner will not be running.
RoslynAnalysisRunner has terminated.
Mono: successfully reloaded assembly
- Completed reload, in  1.050 seconds
Platform modules already initialized, skipping
Shader 'Universal Render Pipeline/Particles/Lit': fallback shader 'Universal Render Pipeline/Particles/SimpleLit' not found
Refreshing native plugins compatible for Editor in 0.62 ms, found 0 plugins.
Preloading 0 native plugins for Editor in 0.00 ms.
Unloading 2381 Unused Serialized files (Serialized files now loaded: 0)
System memory in use before: 114.4 MB.
System memory in use after: 114.6 MB.

Unloading 18 unused Assets to reduce memory usage. Loaded Objects now: 3018.
Total: 2.602500 ms (FindLiveObjects: 0.338800 ms CreateObjectMapping: 0.082200 ms MarkObjects: 2.154200 ms  DeleteObjects: 0.026000 ms)

========================================================================
Received Import Request.
  Time since last request: 24.371142 seconds.
  path: Assets/ScriptableObjects/Player.asset
  artifactKey: Guid(13981ee155be294418fab7193befa5a8) Importer(815301076,1909f56bfc062723c751e8b465ee728b)
Start importing Assets/ScriptableObjects/Player.asset using Guid(13981ee155be294418fab7193befa5a8) Importer(815301076,1909f56bfc062723c751e8b465ee728b)  -> (artifact id: '683a937fc39afb37b91c4b1e7213d2da') in 0.015774 seconds
  Import took 0.020430 seconds .

========================================================================
Received Prepare
Registering precompiled user dll's ...
Registered in 0.001471 seconds.
Begin MonoManager ReloadAssembly
Native extension for WindowsStandalone target not found
Refreshing native plugins compatible for Editor in 0.62 ms, found 0 plugins.
Preloading 0 native plugins for Editor in 0.00 ms.
Invoked RoslynAnalysisRunner static constructor.
RoslynAnalysisRunner will not be running.
RoslynAnalysisRunner has terminated.
Mono: successfully reloaded assembly
- Completed reload, in  1.025 seconds
Platform modules already initialized, skipping
Shader 'Universal Render Pipeline/Particles/Lit': fallback shader 'Universal Render Pipeline/Particles/SimpleLit' not found
Refreshing native plugins compatible for Editor in 0.61 ms, found 0 plugins.
Preloading 0 native plugins for Editor in 0.00 ms.
Unloading 2381 Unused Serialized files (Serialized files now loaded: 0)
System memory in use before: 114.9 MB.
System memory in use after: 115.1 MB.

Unloading 18 unused Assets to reduce memory usage. Loaded Objects now: 3020.
Total: 2.616600 ms (FindLiveObjects: 0.373000 ms CreateObjectMapping: 0.077900 ms MarkObjects: 2.143800 ms  DeleteObjects: 0.020700 ms)

========================================================================
Received Prepare
Registering precompiled user dll's ...
Registered in 0.001336 seconds.
Begin MonoManager ReloadAssembly
Native extension for WindowsStandalone target not found
Refreshing native plugins compatible for Editor in 0.64 ms, found 0 plugins.
Preloading 0 native plugins for Editor in 0.00 ms.
Invoked RoslynAnalysisRunner static constructor.
RoslynAnalysisRunner will not be running.
RoslynAnalysisRunner has terminated.
Mono: successfully reloaded assembly
- Completed reload, in  1.062 seconds
Platform modules already initialized, skipping
Shader 'Universal Render Pipeline/Particles/Lit': fallback shader 'Universal Render Pipeline/Particles/SimpleLit' not found
Refreshing native plugins compatible for Editor in 0.67 ms, found 0 plugins.
Preloading 0 native plugins for Editor in 0.00 ms.
Unloading 2381 Unused Serialized files (Serialized files now loaded: 0)
System memory in use before: 114.5 MB.
System memory in use after: 114.8 MB.

Unloading 18 unused Assets to reduce memory usage. Loaded Objects now: 3022.
Total: 2.957500 ms (FindLiveObjects: 0.422600 ms CreateObjectMapping: 0.080600 ms MarkObjects: 2.421200 ms  DeleteObjects: 0.031600 ms)

========================================================================
Received Prepare
Registering precompiled user dll's ...
Registered in 0.001366 seconds.
Begin MonoManager ReloadAssembly
Native extension for WindowsStandalone target not found
Refreshing native plugins compatible for Editor in 0.64 ms, found 0 plugins.
Preloading 0 native plugins for Editor in 0.00 ms.
Invoked RoslynAnalysisRunner static constructor.
RoslynAnalysisRunner will not be running.
RoslynAnalysisRunner has terminated.
Mono: successfully reloaded assembly
- Completed reload, in  1.082 seconds
Platform modules already initialized, skipping
Shader 'Universal Render Pipeline/Particles/Lit': fallback shader 'Universal Render Pipeline/Particles/SimpleLit' not found
Refreshing native plugins compatible for Editor in 0.64 ms, found 0 plugins.
Preloading 0 native plugins for Editor in 0.00 ms.
Unloading 2381 Unused Serialized files (Serialized files now loaded: 0)
System memory in use before: 114.9 MB.
System memory in use after: 115.1 MB.

Unloading 18 unused Assets to reduce memory usage. Loaded Objects now: 3024.
Total: 2.585000 ms (FindLiveObjects: 0.374600 ms CreateObjectMapping: 0.081100 ms MarkObjects: 2.103900 ms  DeleteObjects: 0.024200 ms)

========================================================================
Received Prepare
Registering precompiled user dll's ...
Registered in 0.001356 seconds.
Begin MonoManager ReloadAssembly
Native extension for WindowsStandalone target not found
Refreshing native plugins compatible for Editor in 0.66 ms, found 0 plugins.
Preloading 0 native plugins for Editor in 0.00 ms.
Invoked RoslynAnalysisRunner static constructor.
RoslynAnalysisRunner will not be running.
RoslynAnalysisRunner has terminated.
Mono: successfully reloaded assembly
- Completed reload, in  1.055 seconds
Platform modules already initialized, skipping
Shader 'Universal Render Pipeline/Particles/Lit': fallback shader 'Universal Render Pipeline/Particles/SimpleLit' not found
Refreshing native plugins compatible for Editor in 0.62 ms, found 0 plugins.
Preloading 0 native plugins for Editor in 0.00 ms.
Unloading 2381 Unused Serialized files (Serialized files now loaded: 0)
System memory in use before: 114.6 MB.
System memory in use after: 114.8 MB.

Unloading 18 unused Assets to reduce memory usage. Loaded Objects now: 3026.
Total: 2.876000 ms (FindLiveObjects: 0.401400 ms CreateObjectMapping: 0.078200 ms MarkObjects: 2.368000 ms  DeleteObjects: 0.026400 ms)

========================================================================
Received Prepare
Registering precompiled user dll's ...
Registered in 0.001260 seconds.
Begin MonoManager ReloadAssembly
Native extension for WindowsStandalone target not found
Refreshing native plugins compatible for Editor in 0.66 ms, found 0 plugins.
Preloading 0 native plugins for Editor in 0.00 ms.
Invoked RoslynAnalysisRunner static constructor.
RoslynAnalysisRunner will not be running.
RoslynAnalysisRunner has terminated.
Mono: successfully reloaded assembly
- Completed reload, in  1.026 seconds
Platform modules already initialized, skipping
Shader 'Universal Render Pipeline/Particles/Lit': fallback shader 'Universal Render Pipeline/Particles/SimpleLit' not found
Refreshing native plugins compatible for Editor in 0.65 ms, found 0 plugins.
Preloading 0 native plugins for Editor in 0.00 ms.
Unloading 2381 Unused Serialized files (Serialized files now loaded: 0)
System memory in use before: 114.8 MB.
System memory in use after: 115.0 MB.

Unloading 18 unused Assets to reduce memory usage. Loaded Objects now: 3028.
Total: 2.958100 ms (FindLiveObjects: 0.495400 ms CreateObjectMapping: 0.119200 ms MarkObjects: 2.315600 ms  DeleteObjects: 0.026800 ms)

========================================================================
Received Prepare
Registering precompiled user dll's ...
Registered in 0.001885 seconds.
Begin MonoManager ReloadAssembly
Native extension for WindowsStandalone target not found
Refreshing native plugins compatible for Editor in 0.62 ms, found 0 plugins.
Preloading 0 native plugins for Editor in 0.00 ms.
Invoked RoslynAnalysisRunner static constructor.
RoslynAnalysisRunner will not be running.
RoslynAnalysisRunner has terminated.
Mono: successfully reloaded assembly
- Completed reload, in  1.049 seconds
Platform modules already initialized, skipping
Shader 'Universal Render Pipeline/Particles/Lit': fallback shader 'Universal Render Pipeline/Particles/SimpleLit' not found
Refreshing native plugins compatible for Editor in 0.62 ms, found 0 plugins.
Preloading 0 native plugins for Editor in 0.00 ms.
Unloading 2381 Unused Serialized files (Serialized files now loaded: 0)
System memory in use before: 114.7 MB.
System memory in use after: 114.9 MB.

Unloading 18 unused Assets to reduce memory usage. Loaded Objects now: 3030.
Total: 2.609200 ms (FindLiveObjects: 0.355000 ms CreateObjectMapping: 0.075900 ms MarkObjects: 2.154300 ms  DeleteObjects: 0.022400 ms)

========================================================================
Received Prepare
Registering precompiled user dll's ...
Registered in 0.001314 seconds.
Begin MonoManager ReloadAssembly
Native extension for WindowsStandalone target not found
Refreshing native plugins compatible for Editor in 0.99 ms, found 0 plugins.
Preloading 0 native plugins for Editor in 0.00 ms.
Invoked RoslynAnalysisRunner static constructor.
RoslynAnalysisRunner will not be running.
RoslynAnalysisRunner has terminated.
Mono: successfully reloaded assembly
- Completed reload, in  1.027 seconds
Platform modules already initialized, skipping
Shader 'Universal Render Pipeline/Particles/Lit': fallback shader 'Universal Render Pipeline/Particles/SimpleLit' not found
Refreshing native plugins compatible for Editor in 0.62 ms, found 0 plugins.
Preloading 0 native plugins for Editor in 0.00 ms.
Unloading 2381 Unused Serialized files (Serialized files now loaded: 0)
System memory in use before: 114.9 MB.
System memory in use after: 115.1 MB.

Unloading 18 unused Assets to reduce memory usage. Loaded Objects now: 3032.
Total: 2.836400 ms (FindLiveObjects: 0.416600 ms CreateObjectMapping: 0.074500 ms MarkObjects: 2.316900 ms  DeleteObjects: 0.027000 ms)

========================================================================
Received Prepare
Registering precompiled user dll's ...
Registered in 0.001936 seconds.
Begin MonoManager ReloadAssembly
Native extension for WindowsStandalone target not found
Refreshing native plugins compatible for Editor in 0.62 ms, found 0 plugins.
Preloading 0 native plugins for Editor in 0.00 ms.
Invoked RoslynAnalysisRunner static constructor.
RoslynAnalysisRunner will not be running.
RoslynAnalysisRunner has terminated.
Mono: successfully reloaded assembly
- Completed reload, in  1.063 seconds
Platform modules already initialized, skipping
Shader 'Universal Render Pipeline/Particles/Lit': fallback shader 'Universal Render Pipeline/Particles/SimpleLit' not found
Refreshing native plugins compatible for Editor in 0.62 ms, found 0 plugins.
Preloading 0 native plugins for Editor in 0.00 ms.
Unloading 2381 Unused Serialized files (Serialized files now loaded: 0)
System memory in use before: 114.7 MB.
System memory in use after: 115.0 MB.

Unloading 18 unused Assets to reduce memory usage. Loaded Objects now: 3034.
Total: 2.623100 ms (FindLiveObjects: 0.410200 ms CreateObjectMapping: 0.075200 ms MarkObjects: 2.112900 ms  DeleteObjects: 0.023400 ms)

========================================================================
Received Prepare
Registering precompiled user dll's ...
Registered in 0.001273 seconds.
Begin MonoManager ReloadAssembly
Native extension for WindowsStandalone target not found
Refreshing native plugins compatible for Editor in 0.92 ms, found 0 plugins.
Preloading 0 native plugins for Editor in 0.00 ms.
Invoked RoslynAnalysisRunner static constructor.
RoslynAnalysisRunner will not be running.
RoslynAnalysisRunner has terminated.
Mono: successfully reloaded assembly
- Completed reload, in  1.047 seconds
Platform modules already initialized, skipping
Shader 'Universal Render Pipeline/Particles/Lit': fallback shader 'Universal Render Pipeline/Particles/SimpleLit' not found
Refreshing native plugins compatible for Editor in 0.61 ms, found 0 plugins.
Preloading 0 native plugins for Editor in 0.00 ms.
Unloading 2381 Unused Serialized files (Serialized files now loaded: 0)
System memory in use before: 114.9 MB.
System memory in use after: 115.2 MB.

Unloading 18 unused Assets to reduce memory usage. Loaded Objects now: 3036.
Total: 2.757100 ms (FindLiveObjects: 0.456200 ms CreateObjectMapping: 0.080500 ms MarkObjects: 2.195200 ms  DeleteObjects: 0.023900 ms)

========================================================================
Received Prepare
Registering precompiled user dll's ...
Registered in 0.001539 seconds.
Begin MonoManager ReloadAssembly
Native extension for WindowsStandalone target not found
Refreshing native plugins compatible for Editor in 0.66 ms, found 0 plugins.
Preloading 0 native plugins for Editor in 0.00 ms.
Invoked RoslynAnalysisRunner static constructor.
RoslynAnalysisRunner will not be running.
RoslynAnalysisRunner has terminated.
Mono: successfully reloaded assembly
- Completed reload, in  1.124 seconds
Platform modules already initialized, skipping
Shader 'Universal Render Pipeline/Particles/Lit': fallback shader 'Universal Render Pipeline/Particles/SimpleLit' not found
Refreshing native plugins compatible for Editor in 0.63 ms, found 0 plugins.
Preloading 0 native plugins for Editor in 0.00 ms.
Unloading 2381 Unused Serialized files (Serialized files now loaded: 0)
System memory in use before: 114.7 MB.
System memory in use after: 114.9 MB.

Unloading 18 unused Assets to reduce memory usage. Loaded Objects now: 3038.
Total: 2.898300 ms (FindLiveObjects: 0.396800 ms CreateObjectMapping: 0.076200 ms MarkObjects: 2.398300 ms  DeleteObjects: 0.025700 ms)

========================================================================
Received Prepare
Registering precompiled user dll's ...
Registered in 0.001336 seconds.
Begin MonoManager ReloadAssembly
Native extension for WindowsStandalone target not found
Refreshing native plugins compatible for Editor in 0.63 ms, found 0 plugins.
Preloading 0 native plugins for Editor in 0.00 ms.
Invoked RoslynAnalysisRunner static constructor.
RoslynAnalysisRunner will not be running.
RoslynAnalysisRunner has terminated.
Mono: successfully reloaded assembly
- Completed reload, in  1.056 seconds
Platform modules already initialized, skipping
Shader 'Universal Render Pipeline/Particles/Lit': fallback shader 'Universal Render Pipeline/Particles/SimpleLit' not found
Refreshing native plugins compatible for Editor in 0.72 ms, found 0 plugins.
Preloading 0 native plugins for Editor in 0.00 ms.
Unloading 2381 Unused Serialized files (Serialized files now loaded: 0)
System memory in use before: 114.9 MB.
System memory in use after: 115.2 MB.

Unloading 18 unused Assets to reduce memory usage. Loaded Objects now: 3040.
Total: 2.852200 ms (FindLiveObjects: 0.368000 ms CreateObjectMapping: 0.082700 ms MarkObjects: 2.375400 ms  DeleteObjects: 0.025000 ms)

========================================================================
Received Prepare
Registering precompiled user dll's ...
Registered in 0.001376 seconds.
Begin MonoManager ReloadAssembly
Native extension for WindowsStandalone target not found
Refreshing native plugins compatible for Editor in 1.53 ms, found 0 plugins.
Preloading 0 native plugins for Editor in 0.00 ms.
Invoked RoslynAnalysisRunner static constructor.
RoslynAnalysisRunner will not be running.
RoslynAnalysisRunner has terminated.
Mono: successfully reloaded assembly
- Completed reload, in  1.058 seconds
Platform modules already initialized, skipping
Shader 'Universal Render Pipeline/Particles/Lit': fallback shader 'Universal Render Pipeline/Particles/SimpleLit' not found
Refreshing native plugins compatible for Editor in 0.63 ms, found 0 plugins.
Preloading 0 native plugins for Editor in 0.00 ms.
Unloading 2381 Unused Serialized files (Serialized files now loaded: 0)
System memory in use before: 114.9 MB.
System memory in use after: 115.1 MB.

Unloading 18 unused Assets to reduce memory usage. Loaded Objects now: 3042.
Total: 2.860600 ms (FindLiveObjects: 0.360700 ms CreateObjectMapping: 0.076300 ms MarkObjects: 2.396800 ms  DeleteObjects: 0.025500 ms)

AssetImportWorkerClient::OnTransportError - code=2 error=End of file
